<?xml version="1.0" encoding="UTF-8"?>
<testsuite name="automationtesting.myaccount.TestRegistro" tests="3" skipped="0" failures="0" errors="0" timestamp="2021-05-29T02:31:14" hostname="MacBook-Pro-de-Mario.local" time="80.438">
  <properties/>
  <testcase name="validarCorreoExistente" classname="automationtesting.myaccount.TestRegistro" time="36.34"/>
  <testcase name="registroExitoso" classname="automationtesting.myaccount.TestRegistro" time="24.265"/>
  <testcase name="validarCampoEmailVacio" classname="automationtesting.myaccount.TestRegistro" time="19.833"/>
  <system-out><![CDATA[]]></system-out>
  <system-err><![CDATA[Starting ChromeDriver 90.0.4430.24 (4c6d850f087da467d926e8eddb76550aed655991-refs/branch-heads/4430@{#429}) on port 8499
Only local connections are allowed.
Please see https://chromedriver.chromium.org/security-considerations for suggestions on keeping ChromeDriver safe.
ChromeDriver was started successfully.
May 28, 2021 9:31:17 PM org.openqa.selenium.remote.ProtocolHandshake createSession
INFO: Detected dialect: W3C
Starting ChromeDriver 90.0.4430.24 (4c6d850f087da467d926e8eddb76550aed655991-refs/branch-heads/4430@{#429}) on port 6168
Only local connections are allowed.
Please see https://chromedriver.chromium.org/security-considerations for suggestions on keeping ChromeDriver safe.
ChromeDriver was started successfully.
May 28, 2021 9:31:52 PM org.openqa.selenium.remote.ProtocolHandshake createSession
INFO: Detected dialect: W3C
Starting ChromeDriver 90.0.4430.24 (4c6d850f087da467d926e8eddb76550aed655991-refs/branch-heads/4430@{#429}) on port 30470
Only local connections are allowed.
Please see https://chromedriver.chromium.org/security-considerations for suggestions on keeping ChromeDriver safe.
ChromeDriver was started successfully.
May 28, 2021 9:32:16 PM org.openqa.selenium.remote.ProtocolHandshake createSession
INFO: Detected dialect: W3C
]]></system-err>
</testsuite>
