<?xml version="1.0" encoding="UTF-8"?>
<testsuite name="automationtesting.ventanas.TestVentanas" tests="1" skipped="0" failures="0" errors="0" timestamp="2021-06-01T03:04:08" hostname="MacBook-Pro-de-Mario.local" time="40.395">
  <properties/>
  <testcase name="prueba3Ventana" classname="automationtesting.ventanas.TestVentanas" time="40.395"/>
  <system-out><![CDATA[Ventana principal: CDwindow-D107A8A8517D59427DC41780739D3ACD
titulo ventana principal Frames & windows
Lista de ventanas: [CDwindow-D107A8A8517D59427DC41780739D3ACD, CDwindow-F697C95142412E000D9871B2F8883F5C, CDwindow-88C18A6C61D97023ED7233D735B99CBA]
ID de la ventana: CDwindow-F697C95142412E000D9871B2F8883F5C
Titulo SeleniumHQ Browser Automation
ID De la ventana: CDwindow-88C18A6C61D97023ED7233D735B99CBA
Titulo Index
ID De la ventana: CDwindow-D107A8A8517D59427DC41780739D3ACD
Titulo Frames & windows
]]></system-out>
  <system-err><![CDATA[Starting ChromeDriver 90.0.4430.24 (4c6d850f087da467d926e8eddb76550aed655991-refs/branch-heads/4430@{#429}) on port 28272
Only local connections are allowed.
Please see https://chromedriver.chromium.org/security-considerations for suggestions on keeping ChromeDriver safe.
ChromeDriver was started successfully.
May 31, 2021 10:04:11 PM org.openqa.selenium.remote.ProtocolHandshake createSession
INFO: Detected dialect: W3C
]]></system-err>
</testsuite>
